[14-Oct-2024 09:23:23 UTC] PHP Warning:  Undefined variable $movies in C:\Users\Kriszta\Local Sites\proiectgt\app\public\demo\movie.php on line 3
[14-Oct-2024 09:23:23 UTC] PHP Fatal error:  Uncaught TypeError: array_filter(): Argument #1 ($array) must be of type array, null given in C:\Users\Kriszta\Local Sites\proiectgt\app\public\demo\movie.php:3
Stack trace:
#0 C:\Users\Kriszta\Local Sites\proiectgt\app\public\demo\movie.php(3): array_filter(NULL, 'find_movie_by_i...')
#1 {main}
  thrown in C:\Users\Kriszta\Local Sites\proiectgt\app\public\demo\movie.php on line 3
[14-Oct-2024 09:26:48 UTC] PHP Warning:  Undefined variable $movies in C:\Users\Kriszta\Local Sites\proiectgt\app\public\demo\movie.php on line 3
[14-Oct-2024 09:26:48 UTC] PHP Fatal error:  Uncaught TypeError: array_filter(): Argument #1 ($array) must be of type array, null given in C:\Users\Kriszta\Local Sites\proiectgt\app\public\demo\movie.php:3
Stack trace:
#0 C:\Users\Kriszta\Local Sites\proiectgt\app\public\demo\movie.php(3): array_filter(NULL, 'find_movie_by_i...')
#1 {main}
  thrown in C:\Users\Kriszta\Local Sites\proiectgt\app\public\demo\movie.php on line 3
[14-Oct-2024 09:27:17 UTC] PHP Warning:  Undefined variable $movies in C:\Users\Kriszta\Local Sites\proiectgt\app\public\demo\movie.php on line 3
[14-Oct-2024 09:27:17 UTC] PHP Fatal error:  Uncaught TypeError: array_filter(): Argument #1 ($array) must be of type array, null given in C:\Users\Kriszta\Local Sites\proiectgt\app\public\demo\movie.php:3
Stack trace:
#0 C:\Users\Kriszta\Local Sites\proiectgt\app\public\demo\movie.php(3): array_filter(NULL, 'find_movie_by_i...')
#1 {main}
  thrown in C:\Users\Kriszta\Local Sites\proiectgt\app\public\demo\movie.php on line 3
[14-Oct-2024 09:27:49 UTC] PHP Warning:  Undefined variable $movies in C:\Users\Kriszta\Local Sites\proiectgt\app\public\demo\movie.php on line 5
[14-Oct-2024 09:27:49 UTC] PHP Fatal error:  Uncaught TypeError: array_filter(): Argument #1 ($array) must be of type array, null given in C:\Users\Kriszta\Local Sites\proiectgt\app\public\demo\movie.php:5
Stack trace:
#0 C:\Users\Kriszta\Local Sites\proiectgt\app\public\demo\movie.php(5): array_filter(NULL, 'find_movie_by_i...')
#1 {main}
  thrown in C:\Users\Kriszta\Local Sites\proiectgt\app\public\demo\movie.php on line 5
[14-Oct-2024 09:28:54 UTC] PHP Fatal error:  Uncaught TypeError: array_filter(): Argument #2 ($callback) must be a valid callback or null, function "find_movie_by_id" not found or invalid function name in C:\Users\Kriszta\Local Sites\proiectgt\app\public\demo\movie.php:13
Stack trace:
#0 C:\Users\Kriszta\Local Sites\proiectgt\app\public\demo\movie.php(13): array_filter(Array, 'find_movie_by_i...')
#1 {main}
  thrown in C:\Users\Kriszta\Local Sites\proiectgt\app\public\demo\movie.php on line 13
[14-Oct-2024 15:07:52 UTC] PHP Fatal error:  Uncaught TypeError: array_filter(): Argument #2 ($callback) must be a valid callback or null, function "find_movie_by_id" not found or invalid function name in C:\Users\Kriszta\Local Sites\proiectgt\app\public\demo\movie.php:13
Stack trace:
#0 C:\Users\Kriszta\Local Sites\proiectgt\app\public\demo\movie.php(13): array_filter(Array, 'find_movie_by_i...')
#1 {main}
  thrown in C:\Users\Kriszta\Local Sites\proiectgt\app\public\demo\movie.php on line 13
[14-Oct-2024 15:10:43 UTC] PHP Warning:  file_get_contents(C:\Users\Kriszta\Local Sites\proiectgt\app\public\demo\includes/assets/movies-list-db.json): Failed to open stream: No such file or directory in C:\Users\Kriszta\Local Sites\proiectgt\app\public\demo\includes\header.php on line 66
[14-Oct-2024 15:10:43 UTC] PHP Warning:  Trying to access array offset on value of type null in C:\Users\Kriszta\Local Sites\proiectgt\app\public\demo\includes\header.php on line 66
[14-Oct-2024 15:10:43 UTC] PHP Warning:  foreach() argument must be of type array|object, null given in C:\Users\Kriszta\Local Sites\proiectgt\app\public\demo\movies.php on line 7
[14-Oct-2024 15:10:49 UTC] PHP Warning:  file_get_contents(C:\Users\Kriszta\Local Sites\proiectgt\app\public\demo\includes/assets/movies-list-db.json): Failed to open stream: No such file or directory in C:\Users\Kriszta\Local Sites\proiectgt\app\public\demo\includes\header.php on line 66
[14-Oct-2024 15:10:49 UTC] PHP Warning:  Trying to access array offset on value of type null in C:\Users\Kriszta\Local Sites\proiectgt\app\public\demo\includes\header.php on line 66
[14-Oct-2024 15:10:49 UTC] PHP Warning:  foreach() argument must be of type array|object, null given in C:\Users\Kriszta\Local Sites\proiectgt\app\public\demo\movies.php on line 7
[14-Oct-2024 15:11:04 UTC] PHP Warning:  file_get_contents(C:\Users\Kriszta\Local Sites\proiectgt\app\public\demo\includes/assets/movies-list-db.json): Failed to open stream: No such file or directory in C:\Users\Kriszta\Local Sites\proiectgt\app\public\demo\includes\header.php on line 66
[14-Oct-2024 15:11:04 UTC] PHP Warning:  Trying to access array offset on value of type null in C:\Users\Kriszta\Local Sites\proiectgt\app\public\demo\includes\header.php on line 66
[14-Oct-2024 15:11:04 UTC] PHP Warning:  foreach() argument must be of type array|object, null given in C:\Users\Kriszta\Local Sites\proiectgt\app\public\demo\movies.php on line 7
[14-Oct-2024 15:12:42 UTC] PHP Warning:  file_get_contents(C:\Users\Kriszta\Local Sites\proiectgt\app\public\demo\includes/assets/movies-list-db.json): Failed to open stream: No such file or directory in C:\Users\Kriszta\Local Sites\proiectgt\app\public\demo\includes\header.php on line 66
[14-Oct-2024 15:12:42 UTC] PHP Warning:  Trying to access array offset on value of type null in C:\Users\Kriszta\Local Sites\proiectgt\app\public\demo\includes\header.php on line 66
[14-Oct-2024 15:12:42 UTC] PHP Warning:  foreach() argument must be of type array|object, null given in C:\Users\Kriszta\Local Sites\proiectgt\app\public\demo\movies.php on line 7
[14-Oct-2024 15:15:18 UTC] PHP Warning:  file_get_contents(C:\Users\Kriszta\Local Sites\proiectgt\app\public\demo\includes/assets/movies-list-db.json): Failed to open stream: No such file or directory in C:\Users\Kriszta\Local Sites\proiectgt\app\public\demo\includes\header.php on line 66
[14-Oct-2024 15:15:18 UTC] PHP Warning:  Trying to access array offset on value of type null in C:\Users\Kriszta\Local Sites\proiectgt\app\public\demo\includes\header.php on line 66
[14-Oct-2024 15:15:18 UTC] PHP Warning:  foreach() argument must be of type array|object, null given in C:\Users\Kriszta\Local Sites\proiectgt\app\public\demo\movies.php on line 7
[14-Oct-2024 15:15:44 UTC] PHP Warning:  file_get_contents(C:\Users\Kriszta\Local Sites\proiectgt\app\public\demo\includes/assets/movies-list-db.json): Failed to open stream: No such file or directory in C:\Users\Kriszta\Local Sites\proiectgt\app\public\demo\includes\header.php on line 66
[14-Oct-2024 15:15:44 UTC] PHP Warning:  Trying to access array offset on value of type null in C:\Users\Kriszta\Local Sites\proiectgt\app\public\demo\includes\header.php on line 66
[14-Oct-2024 15:15:44 UTC] PHP Warning:  foreach() argument must be of type array|object, null given in C:\Users\Kriszta\Local Sites\proiectgt\app\public\demo\movies.php on line 7
[14-Oct-2024 15:18:33 UTC] PHP Warning:  file_get_contents(C:\Users\Kriszta\Local Sites\proiectgt\app\public\demo\includes/assets/movies-list-db.json): Failed to open stream: No such file or directory in C:\Users\Kriszta\Local Sites\proiectgt\app\public\demo\includes\header.php on line 66
[14-Oct-2024 15:18:33 UTC] PHP Warning:  Trying to access array offset on value of type null in C:\Users\Kriszta\Local Sites\proiectgt\app\public\demo\includes\header.php on line 66
[14-Oct-2024 15:20:32 UTC] PHP Warning:  file_get_contents(C:\Users\Kriszta\Local Sites\proiectgt\app\public\demo\includes/assets/movies-list-db.json): Failed to open stream: No such file or directory in C:\Users\Kriszta\Local Sites\proiectgt\app\public\demo\includes\header.php on line 66
[14-Oct-2024 15:20:32 UTC] PHP Warning:  Trying to access array offset on value of type null in C:\Users\Kriszta\Local Sites\proiectgt\app\public\demo\includes\header.php on line 66
[14-Oct-2024 15:21:56 UTC] PHP Warning:  file_get_contents(C:\Users\Kriszta\Local Sites\proiectgt\app\public\demo\includes/assets/movies-list-db.json): Failed to open stream: No such file or directory in C:\Users\Kriszta\Local Sites\proiectgt\app\public\demo\includes\header.php on line 63
[14-Oct-2024 15:21:56 UTC] PHP Warning:  Trying to access array offset on value of type null in C:\Users\Kriszta\Local Sites\proiectgt\app\public\demo\includes\header.php on line 63
[14-Oct-2024 15:22:03 UTC] PHP Warning:  file_get_contents(C:\Users\Kriszta\Local Sites\proiectgt\app\public\demo\includes/assets/movies-list-db.json): Failed to open stream: No such file or directory in C:\Users\Kriszta\Local Sites\proiectgt\app\public\demo\includes\header.php on line 63
[14-Oct-2024 15:22:03 UTC] PHP Warning:  Trying to access array offset on value of type null in C:\Users\Kriszta\Local Sites\proiectgt\app\public\demo\includes\header.php on line 63
[14-Oct-2024 15:22:44 UTC] PHP Warning:  file_get_contents(C:\Users\Kriszta\Local Sites\proiectgt\app\public\demo\includes./assets/movies-list-db.json): Failed to open stream: Permission denied in C:\Users\Kriszta\Local Sites\proiectgt\app\public\demo\includes\header.php on line 66
[14-Oct-2024 15:22:44 UTC] PHP Warning:  Trying to access array offset on value of type null in C:\Users\Kriszta\Local Sites\proiectgt\app\public\demo\includes\header.php on line 66
[14-Oct-2024 15:22:45 UTC] PHP Warning:  file_get_contents(C:\Users\Kriszta\Local Sites\proiectgt\app\public\demo\includes./assets/movies-list-db.json): Failed to open stream: Permission denied in C:\Users\Kriszta\Local Sites\proiectgt\app\public\demo\includes\header.php on line 66
[14-Oct-2024 15:22:45 UTC] PHP Warning:  Trying to access array offset on value of type null in C:\Users\Kriszta\Local Sites\proiectgt\app\public\demo\includes\header.php on line 66
[14-Oct-2024 15:23:22 UTC] PHP Warning:  file_get_contents(C:\Users\Kriszta\Local Sites\proiectgt\app\public\demo\includes./assets/movies-list-db.json): Failed to open stream: Permission denied in C:\Users\Kriszta\Local Sites\proiectgt\app\public\demo\includes\header.php on line 66
[14-Oct-2024 15:23:22 UTC] PHP Warning:  Trying to access array offset on value of type null in C:\Users\Kriszta\Local Sites\proiectgt\app\public\demo\includes\header.php on line 66
[14-Oct-2024 15:24:43 UTC] PHP Warning:  file_get_contents(C:\Users\Kriszta\Local Sites\proiectgt\app\public\demo\includes\assets\movies-list-db.json): Failed to open stream: No such file or directory in C:\Users\Kriszta\Local Sites\proiectgt\app\public\demo\includes\header.php on line 66
[14-Oct-2024 15:24:43 UTC] PHP Warning:  Trying to access array offset on value of type null in C:\Users\Kriszta\Local Sites\proiectgt\app\public\demo\includes\header.php on line 66
[14-Oct-2024 15:31:16 UTC] PHP Warning:  file_get_contents(C:\Users\Kriszta\Local Sites\proiectgt\app\public\demo/../assets/movies-list-db.json): Failed to open stream: No such file or directory in C:\Users\Kriszta\Local Sites\proiectgt\app\public\demo\movie.php on line 7
[14-Oct-2024 15:31:16 UTC] PHP Warning:  Trying to access array offset on value of type null in C:\Users\Kriszta\Local Sites\proiectgt\app\public\demo\movie.php on line 7
[14-Oct-2024 15:31:16 UTC] PHP Warning:  foreach() argument must be of type array|object, null given in C:\Users\Kriszta\Local Sites\proiectgt\app\public\demo\movie.php on line 11
[14-Oct-2024 15:31:16 UTC] PHP Warning:  Trying to access array offset on value of type null in C:\Users\Kriszta\Local Sites\proiectgt\app\public\demo\movie.php on line 20
[14-Oct-2024 15:31:16 UTC] PHP Warning:  Trying to access array offset on value of type null in C:\Users\Kriszta\Local Sites\proiectgt\app\public\demo\movie.php on line 24
[14-Oct-2024 15:31:16 UTC] PHP Warning:  Trying to access array offset on value of type null in C:\Users\Kriszta\Local Sites\proiectgt\app\public\demo\movie.php on line 24
[14-Oct-2024 15:31:16 UTC] PHP Warning:  Trying to access array offset on value of type null in C:\Users\Kriszta\Local Sites\proiectgt\app\public\demo\movie.php on line 30
[14-Oct-2024 15:31:16 UTC] PHP Warning:  Trying to access array offset on value of type null in C:\Users\Kriszta\Local Sites\proiectgt\app\public\demo\movie.php on line 33
[14-Oct-2024 15:31:16 UTC] PHP Warning:  Trying to access array offset on value of type null in C:\Users\Kriszta\Local Sites\proiectgt\app\public\demo\movie.php on line 36
[14-Oct-2024 15:31:16 UTC] PHP Warning:  Trying to access array offset on value of type null in C:\Users\Kriszta\Local Sites\proiectgt\app\public\demo\movie.php on line 40
[14-Oct-2024 15:32:31 UTC] PHP Warning:  file_get_contents(C:\Users\Kriszta\Local Sites\proiectgt\app\public\demo./assets/movies-list-db.json): Failed to open stream: Permission denied in C:\Users\Kriszta\Local Sites\proiectgt\app\public\demo\movie.php on line 7
[14-Oct-2024 15:32:31 UTC] PHP Warning:  Trying to access array offset on value of type null in C:\Users\Kriszta\Local Sites\proiectgt\app\public\demo\movie.php on line 7
[14-Oct-2024 15:32:31 UTC] PHP Warning:  foreach() argument must be of type array|object, null given in C:\Users\Kriszta\Local Sites\proiectgt\app\public\demo\movie.php on line 11
[14-Oct-2024 15:32:31 UTC] PHP Warning:  Trying to access array offset on value of type null in C:\Users\Kriszta\Local Sites\proiectgt\app\public\demo\movie.php on line 20
[14-Oct-2024 15:32:31 UTC] PHP Warning:  Trying to access array offset on value of type null in C:\Users\Kriszta\Local Sites\proiectgt\app\public\demo\movie.php on line 24
[14-Oct-2024 15:32:31 UTC] PHP Warning:  Trying to access array offset on value of type null in C:\Users\Kriszta\Local Sites\proiectgt\app\public\demo\movie.php on line 24
[14-Oct-2024 15:32:31 UTC] PHP Warning:  Trying to access array offset on value of type null in C:\Users\Kriszta\Local Sites\proiectgt\app\public\demo\movie.php on line 30
[14-Oct-2024 15:32:31 UTC] PHP Warning:  Trying to access array offset on value of type null in C:\Users\Kriszta\Local Sites\proiectgt\app\public\demo\movie.php on line 33
[14-Oct-2024 15:32:31 UTC] PHP Warning:  Trying to access array offset on value of type null in C:\Users\Kriszta\Local Sites\proiectgt\app\public\demo\movie.php on line 36
[14-Oct-2024 15:32:31 UTC] PHP Warning:  Trying to access array offset on value of type null in C:\Users\Kriszta\Local Sites\proiectgt\app\public\demo\movie.php on line 40
[14-Oct-2024 15:32:56 UTC] PHP Warning:  file_get_contents(C:\Users\Kriszta\Local Sites\proiectgt\app\public\demo/../assets/movies-list-db.json): Failed to open stream: No such file or directory in C:\Users\Kriszta\Local Sites\proiectgt\app\public\demo\movie.php on line 7
[14-Oct-2024 15:32:56 UTC] PHP Warning:  Trying to access array offset on value of type null in C:\Users\Kriszta\Local Sites\proiectgt\app\public\demo\movie.php on line 7
[14-Oct-2024 15:32:56 UTC] PHP Warning:  foreach() argument must be of type array|object, null given in C:\Users\Kriszta\Local Sites\proiectgt\app\public\demo\movie.php on line 11
[14-Oct-2024 15:32:56 UTC] PHP Warning:  Trying to access array offset on value of type null in C:\Users\Kriszta\Local Sites\proiectgt\app\public\demo\movie.php on line 20
[14-Oct-2024 15:32:56 UTC] PHP Warning:  Trying to access array offset on value of type null in C:\Users\Kriszta\Local Sites\proiectgt\app\public\demo\movie.php on line 24
[14-Oct-2024 15:32:56 UTC] PHP Warning:  Trying to access array offset on value of type null in C:\Users\Kriszta\Local Sites\proiectgt\app\public\demo\movie.php on line 24
[14-Oct-2024 15:32:56 UTC] PHP Warning:  Trying to access array offset on value of type null in C:\Users\Kriszta\Local Sites\proiectgt\app\public\demo\movie.php on line 30
[14-Oct-2024 15:32:56 UTC] PHP Warning:  Trying to access array offset on value of type null in C:\Users\Kriszta\Local Sites\proiectgt\app\public\demo\movie.php on line 33
[14-Oct-2024 15:32:56 UTC] PHP Warning:  Trying to access array offset on value of type null in C:\Users\Kriszta\Local Sites\proiectgt\app\public\demo\movie.php on line 36
[14-Oct-2024 15:32:56 UTC] PHP Warning:  Trying to access array offset on value of type null in C:\Users\Kriszta\Local Sites\proiectgt\app\public\demo\movie.php on line 40
[14-Oct-2024 15:33:23 UTC] PHP Warning:  file_get_contents(C:\Users\Kriszta\Local Sites\proiectgt\app\public\demo/../assets/movies-list-db.json): Failed to open stream: No such file or directory in C:\Users\Kriszta\Local Sites\proiectgt\app\public\demo\movie.php on line 7
[14-Oct-2024 15:33:23 UTC] PHP Warning:  Trying to access array offset on value of type null in C:\Users\Kriszta\Local Sites\proiectgt\app\public\demo\movie.php on line 7
[14-Oct-2024 15:33:23 UTC] PHP Warning:  foreach() argument must be of type array|object, null given in C:\Users\Kriszta\Local Sites\proiectgt\app\public\demo\movie.php on line 12
[14-Oct-2024 15:33:23 UTC] PHP Warning:  Trying to access array offset on value of type null in C:\Users\Kriszta\Local Sites\proiectgt\app\public\demo\movie.php on line 21
[14-Oct-2024 15:33:23 UTC] PHP Warning:  Trying to access array offset on value of type null in C:\Users\Kriszta\Local Sites\proiectgt\app\public\demo\movie.php on line 25
[14-Oct-2024 15:33:23 UTC] PHP Warning:  Trying to access array offset on value of type null in C:\Users\Kriszta\Local Sites\proiectgt\app\public\demo\movie.php on line 25
[14-Oct-2024 15:33:23 UTC] PHP Warning:  Trying to access array offset on value of type null in C:\Users\Kriszta\Local Sites\proiectgt\app\public\demo\movie.php on line 31
[14-Oct-2024 15:33:23 UTC] PHP Warning:  Trying to access array offset on value of type null in C:\Users\Kriszta\Local Sites\proiectgt\app\public\demo\movie.php on line 34
[14-Oct-2024 15:33:23 UTC] PHP Warning:  Trying to access array offset on value of type null in C:\Users\Kriszta\Local Sites\proiectgt\app\public\demo\movie.php on line 37
[14-Oct-2024 15:33:23 UTC] PHP Warning:  Trying to access array offset on value of type null in C:\Users\Kriszta\Local Sites\proiectgt\app\public\demo\movie.php on line 41
[14-Oct-2024 15:33:25 UTC] PHP Warning:  file_get_contents(C:\Users\Kriszta\Local Sites\proiectgt\app\public\demo/../assets/movies-list-db.json): Failed to open stream: No such file or directory in C:\Users\Kriszta\Local Sites\proiectgt\app\public\demo\movie.php on line 7
[14-Oct-2024 15:33:25 UTC] PHP Warning:  Trying to access array offset on value of type null in C:\Users\Kriszta\Local Sites\proiectgt\app\public\demo\movie.php on line 7
[14-Oct-2024 15:33:25 UTC] PHP Warning:  foreach() argument must be of type array|object, null given in C:\Users\Kriszta\Local Sites\proiectgt\app\public\demo\movie.php on line 12
[14-Oct-2024 15:33:25 UTC] PHP Warning:  Trying to access array offset on value of type null in C:\Users\Kriszta\Local Sites\proiectgt\app\public\demo\movie.php on line 21
[14-Oct-2024 15:33:25 UTC] PHP Warning:  Trying to access array offset on value of type null in C:\Users\Kriszta\Local Sites\proiectgt\app\public\demo\movie.php on line 25
[14-Oct-2024 15:33:25 UTC] PHP Warning:  Trying to access array offset on value of type null in C:\Users\Kriszta\Local Sites\proiectgt\app\public\demo\movie.php on line 25
[14-Oct-2024 15:33:25 UTC] PHP Warning:  Trying to access array offset on value of type null in C:\Users\Kriszta\Local Sites\proiectgt\app\public\demo\movie.php on line 31
[14-Oct-2024 15:33:25 UTC] PHP Warning:  Trying to access array offset on value of type null in C:\Users\Kriszta\Local Sites\proiectgt\app\public\demo\movie.php on line 34
[14-Oct-2024 15:33:25 UTC] PHP Warning:  Trying to access array offset on value of type null in C:\Users\Kriszta\Local Sites\proiectgt\app\public\demo\movie.php on line 37
[14-Oct-2024 15:33:25 UTC] PHP Warning:  Trying to access array offset on value of type null in C:\Users\Kriszta\Local Sites\proiectgt\app\public\demo\movie.php on line 41
[14-Oct-2024 15:34:57 UTC] PHP Warning:  file_get_contents(C:\Users\Kriszta\Local Sites\proiectgt\app\public\demo/../assets/movies-list-db.json): Failed to open stream: No such file or directory in C:\Users\Kriszta\Local Sites\proiectgt\app\public\demo\movie.php on line 7
[14-Oct-2024 15:34:57 UTC] PHP Warning:  Trying to access array offset on value of type null in C:\Users\Kriszta\Local Sites\proiectgt\app\public\demo\movie.php on line 7
[14-Oct-2024 15:34:57 UTC] PHP Warning:  foreach() argument must be of type array|object, null given in C:\Users\Kriszta\Local Sites\proiectgt\app\public\demo\movie.php on line 11
[14-Oct-2024 15:34:57 UTC] PHP Warning:  Trying to access array offset on value of type null in C:\Users\Kriszta\Local Sites\proiectgt\app\public\demo\movie.php on line 20
[14-Oct-2024 15:34:57 UTC] PHP Warning:  Trying to access array offset on value of type null in C:\Users\Kriszta\Local Sites\proiectgt\app\public\demo\movie.php on line 24
[14-Oct-2024 15:34:57 UTC] PHP Warning:  Trying to access array offset on value of type null in C:\Users\Kriszta\Local Sites\proiectgt\app\public\demo\movie.php on line 24
[14-Oct-2024 15:34:57 UTC] PHP Warning:  Trying to access array offset on value of type null in C:\Users\Kriszta\Local Sites\proiectgt\app\public\demo\movie.php on line 30
[14-Oct-2024 15:34:57 UTC] PHP Warning:  Trying to access array offset on value of type null in C:\Users\Kriszta\Local Sites\proiectgt\app\public\demo\movie.php on line 33
[14-Oct-2024 15:34:57 UTC] PHP Warning:  Trying to access array offset on value of type null in C:\Users\Kriszta\Local Sites\proiectgt\app\public\demo\movie.php on line 36
[14-Oct-2024 15:34:57 UTC] PHP Warning:  Trying to access array offset on value of type null in C:\Users\Kriszta\Local Sites\proiectgt\app\public\demo\movie.php on line 40
[14-Oct-2024 15:35:07 UTC] PHP Warning:  file_get_contents(C:\Users\Kriszta\Local Sites\proiectgt\app\public\demo/../assets/movies-list-db.json): Failed to open stream: No such file or directory in C:\Users\Kriszta\Local Sites\proiectgt\app\public\demo\movie.php on line 7
[14-Oct-2024 15:35:07 UTC] PHP Warning:  Trying to access array offset on value of type null in C:\Users\Kriszta\Local Sites\proiectgt\app\public\demo\movie.php on line 7
[14-Oct-2024 15:35:07 UTC] PHP Warning:  foreach() argument must be of type array|object, null given in C:\Users\Kriszta\Local Sites\proiectgt\app\public\demo\movie.php on line 11
[14-Oct-2024 15:35:07 UTC] PHP Warning:  Trying to access array offset on value of type null in C:\Users\Kriszta\Local Sites\proiectgt\app\public\demo\movie.php on line 20
[14-Oct-2024 15:35:07 UTC] PHP Warning:  Trying to access array offset on value of type null in C:\Users\Kriszta\Local Sites\proiectgt\app\public\demo\movie.php on line 24
[14-Oct-2024 15:35:07 UTC] PHP Warning:  Trying to access array offset on value of type null in C:\Users\Kriszta\Local Sites\proiectgt\app\public\demo\movie.php on line 24
[14-Oct-2024 15:35:07 UTC] PHP Warning:  Trying to access array offset on value of type null in C:\Users\Kriszta\Local Sites\proiectgt\app\public\demo\movie.php on line 30
[14-Oct-2024 15:35:07 UTC] PHP Warning:  Trying to access array offset on value of type null in C:\Users\Kriszta\Local Sites\proiectgt\app\public\demo\movie.php on line 33
[14-Oct-2024 15:35:07 UTC] PHP Warning:  Trying to access array offset on value of type null in C:\Users\Kriszta\Local Sites\proiectgt\app\public\demo\movie.php on line 36
[14-Oct-2024 15:35:07 UTC] PHP Warning:  Trying to access array offset on value of type null in C:\Users\Kriszta\Local Sites\proiectgt\app\public\demo\movie.php on line 40
[14-Oct-2024 15:35:15 UTC] PHP Warning:  file_get_contents(C:\Users\Kriszta\Local Sites\proiectgt\app\public\demo/../assets/movies-list-db.json): Failed to open stream: No such file or directory in C:\Users\Kriszta\Local Sites\proiectgt\app\public\demo\movie.php on line 7
[14-Oct-2024 15:35:15 UTC] PHP Warning:  Trying to access array offset on value of type null in C:\Users\Kriszta\Local Sites\proiectgt\app\public\demo\movie.php on line 7
[14-Oct-2024 15:35:15 UTC] PHP Warning:  foreach() argument must be of type array|object, null given in C:\Users\Kriszta\Local Sites\proiectgt\app\public\demo\movie.php on line 11
[14-Oct-2024 15:35:15 UTC] PHP Warning:  Trying to access array offset on value of type null in C:\Users\Kriszta\Local Sites\proiectgt\app\public\demo\movie.php on line 20
[14-Oct-2024 15:35:15 UTC] PHP Warning:  Trying to access array offset on value of type null in C:\Users\Kriszta\Local Sites\proiectgt\app\public\demo\movie.php on line 24
[14-Oct-2024 15:35:15 UTC] PHP Warning:  Trying to access array offset on value of type null in C:\Users\Kriszta\Local Sites\proiectgt\app\public\demo\movie.php on line 24
[14-Oct-2024 15:35:15 UTC] PHP Warning:  Trying to access array offset on value of type null in C:\Users\Kriszta\Local Sites\proiectgt\app\public\demo\movie.php on line 29
[14-Oct-2024 15:35:15 UTC] PHP Warning:  Trying to access array offset on value of type null in C:\Users\Kriszta\Local Sites\proiectgt\app\public\demo\movie.php on line 30
[14-Oct-2024 15:35:15 UTC] PHP Warning:  Trying to access array offset on value of type null in C:\Users\Kriszta\Local Sites\proiectgt\app\public\demo\movie.php on line 31
[14-Oct-2024 15:35:15 UTC] PHP Warning:  Trying to access array offset on value of type null in C:\Users\Kriszta\Local Sites\proiectgt\app\public\demo\movie.php on line 32
[14-Oct-2024 15:37:16 UTC] PHP Warning:  fopen(C:\Users\Kriszta\Local Sites\proiectgt\app\public\demo./assets/movies-list-db.json): Failed to open stream: Permission denied in C:\Users\Kriszta\Local Sites\proiectgt\app\public\demo\movie.php on line 12
[14-Oct-2024 15:37:16 UTC] PHP Fatal error:  Uncaught TypeError: feof(): Argument #1 ($stream) must be of type resource, bool given in C:\Users\Kriszta\Local Sites\proiectgt\app\public\demo\movie.php:16
Stack trace:
#0 C:\Users\Kriszta\Local Sites\proiectgt\app\public\demo\movie.php(16): feof(false)
#1 {main}
  thrown in C:\Users\Kriszta\Local Sites\proiectgt\app\public\demo\movie.php on line 16
[15-Oct-2024 15:11:08 UTC] PHP Warning:  fopen(C:\Users\Kriszta\Local Sites\proiectgt\app\public\demo./assets/movies-list-db.json): Failed to open stream: Permission denied in C:\Users\Kriszta\Local Sites\proiectgt\app\public\demo\movie.php on line 12
[15-Oct-2024 15:11:08 UTC] PHP Fatal error:  Uncaught TypeError: feof(): Argument #1 ($stream) must be of type resource, bool given in C:\Users\Kriszta\Local Sites\proiectgt\app\public\demo\movie.php:16
Stack trace:
#0 C:\Users\Kriszta\Local Sites\proiectgt\app\public\demo\movie.php(16): feof(false)
#1 {main}
  thrown in C:\Users\Kriszta\Local Sites\proiectgt\app\public\demo\movie.php on line 16
[15-Oct-2024 16:03:00 UTC] PHP Warning:  fopen(C:\Users\Kriszta\Local Sites\proiectgt\app\public\demo./assets/movies-list-db.json): Failed to open stream: Permission denied in C:\Users\Kriszta\Local Sites\proiectgt\app\public\demo\movie.php on line 12
[15-Oct-2024 16:03:00 UTC] PHP Fatal error:  Uncaught TypeError: feof(): Argument #1 ($stream) must be of type resource, bool given in C:\Users\Kriszta\Local Sites\proiectgt\app\public\demo\movie.php:16
Stack trace:
#0 C:\Users\Kriszta\Local Sites\proiectgt\app\public\demo\movie.php(16): feof(false)
#1 {main}
  thrown in C:\Users\Kriszta\Local Sites\proiectgt\app\public\demo\movie.php on line 16
[15-Oct-2024 16:20:31 UTC] PHP Fatal error:  Uncaught Error: Call to undefined function check_old_movie() in C:\Users\Kriszta\Local Sites\proiectgt\app\public\demo\movie.php:93
Stack trace:
#0 {main}
  thrown in C:\Users\Kriszta\Local Sites\proiectgt\app\public\demo\movie.php on line 93
[15-Oct-2024 16:20:36 UTC] PHP Fatal error:  Uncaught Error: Call to undefined function check_old_movie() in C:\Users\Kriszta\Local Sites\proiectgt\app\public\demo\movie.php:93
Stack trace:
#0 {main}
  thrown in C:\Users\Kriszta\Local Sites\proiectgt\app\public\demo\movie.php on line 93
[15-Oct-2024 16:20:39 UTC] PHP Fatal error:  Uncaught Error: Call to undefined function check_old_movie() in C:\Users\Kriszta\Local Sites\proiectgt\app\public\demo\movie.php:93
Stack trace:
#0 {main}
  thrown in C:\Users\Kriszta\Local Sites\proiectgt\app\public\demo\movie.php on line 93
[15-Oct-2024 16:22:13 UTC] PHP Warning:  fopen(C:\Users\Kriszta\Local Sites\proiectgt\app\public\demo./assets/movies-list-db.json): Failed to open stream: Permission denied in C:\Users\Kriszta\Local Sites\proiectgt\app\public\demo\movie.php on line 12
[15-Oct-2024 16:22:13 UTC] PHP Fatal error:  Uncaught TypeError: feof(): Argument #1 ($stream) must be of type resource, bool given in C:\Users\Kriszta\Local Sites\proiectgt\app\public\demo\movie.php:16
Stack trace:
#0 C:\Users\Kriszta\Local Sites\proiectgt\app\public\demo\movie.php(16): feof(false)
#1 {main}
  thrown in C:\Users\Kriszta\Local Sites\proiectgt\app\public\demo\movie.php on line 16
[15-Oct-2024 16:24:17 UTC] PHP Warning:  fopen(C:\Users\Kriszta\Local Sites\proiectgt\app\public\demo./assets/movies-list-db.json): Failed to open stream: Permission denied in C:\Users\Kriszta\Local Sites\proiectgt\app\public\demo\movie.php on line 12
[15-Oct-2024 16:24:17 UTC] PHP Fatal error:  Uncaught TypeError: feof(): Argument #1 ($stream) must be of type resource, bool given in C:\Users\Kriszta\Local Sites\proiectgt\app\public\demo\movie.php:16
Stack trace:
#0 C:\Users\Kriszta\Local Sites\proiectgt\app\public\demo\movie.php(16): feof(false)
#1 {main}
  thrown in C:\Users\Kriszta\Local Sites\proiectgt\app\public\demo\movie.php on line 16
[18-Oct-2024 17:38:49 UTC] PHP Warning:  fopen(C:\Users\Kriszta\Local Sites\proiectgt\app\public\demo./assets/movies-list-db.json): Failed to open stream: Permission denied in C:\Users\Kriszta\Local Sites\proiectgt\app\public\demo\movies.php on line 15
[18-Oct-2024 17:38:49 UTC] PHP Fatal error:  Uncaught TypeError: feof(): Argument #1 ($stream) must be of type resource, bool given in C:\Users\Kriszta\Local Sites\proiectgt\app\public\demo\movies.php:17
Stack trace:
#0 C:\Users\Kriszta\Local Sites\proiectgt\app\public\demo\movies.php(17): feof(false)
#1 {main}
  thrown in C:\Users\Kriszta\Local Sites\proiectgt\app\public\demo\movies.php on line 17
[18-Oct-2024 17:41:15 UTC] PHP Warning:  file_get_contents(C:\Users\Kriszta\Local Sites\proiectgt\app\public\demo./assets/movie-favorites.json): Failed to open stream: Permission denied in C:\Users\Kriszta\Local Sites\proiectgt\app\public\demo\movies.php on line 41
[18-Oct-2024 17:41:28 UTC] PHP Warning:  fopen(C:\Users\Kriszta\Local Sites\proiectgt\app\public\demo./assets/movies-list-db.json): Failed to open stream: Permission denied in C:\Users\Kriszta\Local Sites\proiectgt\app\public\demo\movies.php on line 15
[18-Oct-2024 17:41:28 UTC] PHP Fatal error:  Uncaught TypeError: feof(): Argument #1 ($stream) must be of type resource, bool given in C:\Users\Kriszta\Local Sites\proiectgt\app\public\demo\movies.php:17
Stack trace:
#0 C:\Users\Kriszta\Local Sites\proiectgt\app\public\demo\movies.php(17): feof(false)
#1 {main}
  thrown in C:\Users\Kriszta\Local Sites\proiectgt\app\public\demo\movies.php on line 17
[18-Oct-2024 17:41:35 UTC] PHP Warning:  file_get_contents(C:\Users\Kriszta\Local Sites\proiectgt\app\public\demo./assets/movie-favorites.json): Failed to open stream: Permission denied in C:\Users\Kriszta\Local Sites\proiectgt\app\public\demo\movies.php on line 41
[18-Oct-2024 19:33:25 UTC] PHP Warning:  require_once(functions.php): Failed to open stream: No such file or directory in C:\Users\Kriszta\Local Sites\proiectgt\app\public\demo\test-db.php on line 2
[18-Oct-2024 19:33:25 UTC] PHP Fatal error:  Uncaught Error: Failed opening required 'functions.php' (include_path='.:/usr/share/php:/www/wp-content/pear') in C:\Users\Kriszta\Local Sites\proiectgt\app\public\demo\test-db.php:2
Stack trace:
#0 {main}
  thrown in C:\Users\Kriszta\Local Sites\proiectgt\app\public\demo\test-db.php on line 2
[18-Oct-2024 19:34:26 UTC] PHP Warning:  require_once(functions.php): Failed to open stream: No such file or directory in C:\Users\Kriszta\Local Sites\proiectgt\app\public\demo\test-db.php on line 2
[18-Oct-2024 19:34:26 UTC] PHP Fatal error:  Uncaught Error: Failed opening required 'functions.php' (include_path='.:/usr/share/php:/www/wp-content/pear') in C:\Users\Kriszta\Local Sites\proiectgt\app\public\demo\test-db.php:2
Stack trace:
#0 {main}
  thrown in C:\Users\Kriszta\Local Sites\proiectgt\app\public\demo\test-db.php on line 2
[18-Oct-2024 19:34:27 UTC] PHP Warning:  require_once(functions.php): Failed to open stream: No such file or directory in C:\Users\Kriszta\Local Sites\proiectgt\app\public\demo\test-db.php on line 2
[18-Oct-2024 19:34:27 UTC] PHP Fatal error:  Uncaught Error: Failed opening required 'functions.php' (include_path='.:/usr/share/php:/www/wp-content/pear') in C:\Users\Kriszta\Local Sites\proiectgt\app\public\demo\test-db.php:2
Stack trace:
#0 {main}
  thrown in C:\Users\Kriszta\Local Sites\proiectgt\app\public\demo\test-db.php on line 2
[18-Oct-2024 19:44:33 UTC] PHP Warning:  Undefined variable $conn in C:\Users\Kriszta\Local Sites\proiectgt\app\public\demo\movie.php on line 200
[18-Oct-2024 19:44:33 UTC] PHP Fatal error:  Uncaught Error: Call to a member function prepare() on null in C:\Users\Kriszta\Local Sites\proiectgt\app\public\demo\movie.php:200
Stack trace:
#0 {main}
  thrown in C:\Users\Kriszta\Local Sites\proiectgt\app\public\demo\movie.php on line 200
[18-Oct-2024 19:44:37 UTC] PHP Warning:  Undefined variable $conn in C:\Users\Kriszta\Local Sites\proiectgt\app\public\demo\movie.php on line 200
[18-Oct-2024 19:44:37 UTC] PHP Fatal error:  Uncaught Error: Call to a member function prepare() on null in C:\Users\Kriszta\Local Sites\proiectgt\app\public\demo\movie.php:200
Stack trace:
#0 {main}
  thrown in C:\Users\Kriszta\Local Sites\proiectgt\app\public\demo\movie.php on line 200
[18-Oct-2024 19:44:41 UTC] PHP Warning:  Undefined variable $conn in C:\Users\Kriszta\Local Sites\proiectgt\app\public\demo\movie.php on line 200
[18-Oct-2024 19:44:41 UTC] PHP Fatal error:  Uncaught Error: Call to a member function prepare() on null in C:\Users\Kriszta\Local Sites\proiectgt\app\public\demo\movie.php:200
Stack trace:
#0 {main}
  thrown in C:\Users\Kriszta\Local Sites\proiectgt\app\public\demo\movie.php on line 200
[18-Oct-2024 19:44:45 UTC] PHP Warning:  Undefined variable $conn in C:\Users\Kriszta\Local Sites\proiectgt\app\public\demo\movie.php on line 200
[18-Oct-2024 19:44:45 UTC] PHP Fatal error:  Uncaught Error: Call to a member function prepare() on null in C:\Users\Kriszta\Local Sites\proiectgt\app\public\demo\movie.php:200
Stack trace:
#0 {main}
  thrown in C:\Users\Kriszta\Local Sites\proiectgt\app\public\demo\movie.php on line 200
[18-Oct-2024 19:45:55 UTC] PHP Warning:  Undefined variable $conn in C:\Users\Kriszta\Local Sites\proiectgt\app\public\demo\movie.php on line 200
[18-Oct-2024 19:45:55 UTC] PHP Fatal error:  Uncaught Error: Call to a member function prepare() on null in C:\Users\Kriszta\Local Sites\proiectgt\app\public\demo\movie.php:200
Stack trace:
#0 {main}
  thrown in C:\Users\Kriszta\Local Sites\proiectgt\app\public\demo\movie.php on line 200
[18-Oct-2024 19:48:43 UTC] PHP Warning:  Undefined variable $conn in C:\Users\Kriszta\Local Sites\proiectgt\app\public\demo\movie.php on line 200
[18-Oct-2024 19:48:43 UTC] PHP Fatal error:  Uncaught Error: Call to a member function prepare() on null in C:\Users\Kriszta\Local Sites\proiectgt\app\public\demo\movie.php:200
Stack trace:
#0 {main}
  thrown in C:\Users\Kriszta\Local Sites\proiectgt\app\public\demo\movie.php on line 200
[18-Oct-2024 20:07:19 UTC] PHP Parse error:  syntax error, unexpected identifier "Eroare", expecting ")" in C:\Users\Kriszta\Local Sites\proiectgt\app\public\demo\movie.php on line 10
[18-Oct-2024 20:08:44 UTC] PHP Parse error:  Unclosed '{' on line 78 in C:\Users\Kriszta\Local Sites\proiectgt\app\public\demo\movie.php on line 216
[18-Oct-2024 20:43:23 UTC] PHP Warning:  Undefined array key "nume" in C:\Users\Kriszta\Local Sites\proiectgt\app\public\demo\movie.php on line 133
[18-Oct-2024 20:43:23 UTC] PHP Deprecated:  htmlspecialchars(): Passing null to parameter #1 ($string) of type string is deprecated in C:\Users\Kriszta\Local Sites\proiectgt\app\public\demo\movie.php on line 133
[18-Oct-2024 20:43:23 UTC] PHP Warning:  Undefined array key "mesaj" in C:\Users\Kriszta\Local Sites\proiectgt\app\public\demo\movie.php on line 135
[18-Oct-2024 20:43:23 UTC] PHP Deprecated:  htmlspecialchars(): Passing null to parameter #1 ($string) of type string is deprecated in C:\Users\Kriszta\Local Sites\proiectgt\app\public\demo\movie.php on line 135
[18-Oct-2024 20:44:49 UTC] PHP Warning:  Undefined array key "name" in C:\Users\Kriszta\Local Sites\proiectgt\app\public\demo\movie.php on line 133
[18-Oct-2024 20:44:49 UTC] PHP Deprecated:  htmlspecialchars(): Passing null to parameter #1 ($string) of type string is deprecated in C:\Users\Kriszta\Local Sites\proiectgt\app\public\demo\movie.php on line 133
[18-Oct-2024 20:44:49 UTC] PHP Warning:  Undefined array key "message" in C:\Users\Kriszta\Local Sites\proiectgt\app\public\demo\movie.php on line 135
[18-Oct-2024 20:44:49 UTC] PHP Deprecated:  htmlspecialchars(): Passing null to parameter #1 ($string) of type string is deprecated in C:\Users\Kriszta\Local Sites\proiectgt\app\public\demo\movie.php on line 135
[18-Oct-2024 20:48:54 UTC] PHP Warning:  Undefined array key "name" in C:\Users\Kriszta\Local Sites\proiectgt\app\public\demo\movie.php on line 133
[18-Oct-2024 20:48:54 UTC] PHP Deprecated:  htmlspecialchars(): Passing null to parameter #1 ($string) of type string is deprecated in C:\Users\Kriszta\Local Sites\proiectgt\app\public\demo\movie.php on line 133
[18-Oct-2024 20:48:54 UTC] PHP Warning:  Undefined array key "message" in C:\Users\Kriszta\Local Sites\proiectgt\app\public\demo\movie.php on line 135
[18-Oct-2024 20:48:54 UTC] PHP Deprecated:  htmlspecialchars(): Passing null to parameter #1 ($string) of type string is deprecated in C:\Users\Kriszta\Local Sites\proiectgt\app\public\demo\movie.php on line 135
[18-Oct-2024 20:51:39 UTC] PHP Warning:  Undefined array key "name" in C:\Users\Kriszta\Local Sites\proiectgt\app\public\demo\movie.php on line 133
[18-Oct-2024 20:51:39 UTC] PHP Deprecated:  htmlspecialchars(): Passing null to parameter #1 ($string) of type string is deprecated in C:\Users\Kriszta\Local Sites\proiectgt\app\public\demo\movie.php on line 133
[18-Oct-2024 20:51:39 UTC] PHP Warning:  Undefined array key "message" in C:\Users\Kriszta\Local Sites\proiectgt\app\public\demo\movie.php on line 135
[18-Oct-2024 20:51:39 UTC] PHP Deprecated:  htmlspecialchars(): Passing null to parameter #1 ($string) of type string is deprecated in C:\Users\Kriszta\Local Sites\proiectgt\app\public\demo\movie.php on line 135
[18-Oct-2024 20:56:03 UTC] PHP Warning:  Undefined variable $success_message in C:\Users\Kriszta\Local Sites\proiectgt\app\public\demo\movie.php on line 111
[18-Oct-2024 20:56:03 UTC] PHP Warning:  Undefined variable $reviews in C:\Users\Kriszta\Local Sites\proiectgt\app\public\demo\movie.php on line 137
[18-Oct-2024 20:57:16 UTC] PHP Warning:  Undefined variable $success_message in C:\Users\Kriszta\Local Sites\proiectgt\app\public\demo\movie.php on line 144
[18-Oct-2024 20:57:16 UTC] PHP Warning:  Undefined variable $reviews in C:\Users\Kriszta\Local Sites\proiectgt\app\public\demo\movie.php on line 169
[18-Oct-2024 20:59:14 UTC] PHP Warning:  Undefined variable $reviews in C:\Users\Kriszta\Local Sites\proiectgt\app\public\demo\movie.php on line 171
[18-Oct-2024 21:00:59 UTC] PHP Warning:  Undefined array key "nume" in C:\Users\Kriszta\Local Sites\proiectgt\app\public\demo\movie.php on line 82
[18-Oct-2024 21:00:59 UTC] PHP Deprecated:  htmlspecialchars(): Passing null to parameter #1 ($string) of type string is deprecated in C:\Users\Kriszta\Local Sites\proiectgt\app\public\demo\movie.php on line 82
[18-Oct-2024 21:00:59 UTC] PHP Warning:  Undefined array key "mesaj" in C:\Users\Kriszta\Local Sites\proiectgt\app\public\demo\movie.php on line 84
[18-Oct-2024 21:00:59 UTC] PHP Deprecated:  htmlspecialchars(): Passing null to parameter #1 ($string) of type string is deprecated in C:\Users\Kriszta\Local Sites\proiectgt\app\public\demo\movie.php on line 84
[18-Oct-2024 21:02:30 UTC] PHP Warning:  Undefined array key "name" in C:\Users\Kriszta\Local Sites\proiectgt\app\public\demo\movie.php on line 82
[18-Oct-2024 21:02:30 UTC] PHP Deprecated:  htmlspecialchars(): Passing null to parameter #1 ($string) of type string is deprecated in C:\Users\Kriszta\Local Sites\proiectgt\app\public\demo\movie.php on line 82
[18-Oct-2024 21:02:30 UTC] PHP Warning:  Undefined array key "message" in C:\Users\Kriszta\Local Sites\proiectgt\app\public\demo\movie.php on line 84
[18-Oct-2024 21:02:30 UTC] PHP Deprecated:  htmlspecialchars(): Passing null to parameter #1 ($string) of type string is deprecated in C:\Users\Kriszta\Local Sites\proiectgt\app\public\demo\movie.php on line 84
[18-Oct-2024 21:02:39 UTC] PHP Warning:  Undefined array key "name" in C:\Users\Kriszta\Local Sites\proiectgt\app\public\demo\movie.php on line 82
[18-Oct-2024 21:02:39 UTC] PHP Deprecated:  htmlspecialchars(): Passing null to parameter #1 ($string) of type string is deprecated in C:\Users\Kriszta\Local Sites\proiectgt\app\public\demo\movie.php on line 82
[18-Oct-2024 21:02:39 UTC] PHP Warning:  Undefined array key "message" in C:\Users\Kriszta\Local Sites\proiectgt\app\public\demo\movie.php on line 84
[18-Oct-2024 21:02:39 UTC] PHP Deprecated:  htmlspecialchars(): Passing null to parameter #1 ($string) of type string is deprecated in C:\Users\Kriszta\Local Sites\proiectgt\app\public\demo\movie.php on line 84
[18-Oct-2024 21:02:44 UTC] PHP Warning:  Undefined array key "name" in C:\Users\Kriszta\Local Sites\proiectgt\app\public\demo\movie.php on line 82
[18-Oct-2024 21:02:44 UTC] PHP Deprecated:  htmlspecialchars(): Passing null to parameter #1 ($string) of type string is deprecated in C:\Users\Kriszta\Local Sites\proiectgt\app\public\demo\movie.php on line 82
[18-Oct-2024 21:02:44 UTC] PHP Warning:  Undefined array key "message" in C:\Users\Kriszta\Local Sites\proiectgt\app\public\demo\movie.php on line 84
[18-Oct-2024 21:02:44 UTC] PHP Deprecated:  htmlspecialchars(): Passing null to parameter #1 ($string) of type string is deprecated in C:\Users\Kriszta\Local Sites\proiectgt\app\public\demo\movie.php on line 84
[18-Oct-2024 21:04:04 UTC] PHP Warning:  Undefined array key "name" in C:\Users\Kriszta\Local Sites\proiectgt\app\public\demo\movie.php on line 82
[18-Oct-2024 21:04:04 UTC] PHP Deprecated:  htmlspecialchars(): Passing null to parameter #1 ($string) of type string is deprecated in C:\Users\Kriszta\Local Sites\proiectgt\app\public\demo\movie.php on line 82
[18-Oct-2024 21:04:04 UTC] PHP Warning:  Undefined array key "message" in C:\Users\Kriszta\Local Sites\proiectgt\app\public\demo\movie.php on line 84
[18-Oct-2024 21:04:04 UTC] PHP Deprecated:  htmlspecialchars(): Passing null to parameter #1 ($string) of type string is deprecated in C:\Users\Kriszta\Local Sites\proiectgt\app\public\demo\movie.php on line 84
[18-Oct-2024 21:06:10 UTC] PHP Warning:  Undefined array key "name" in C:\Users\Kriszta\Local Sites\proiectgt\app\public\demo\movie.php on line 82
[18-Oct-2024 21:06:10 UTC] PHP Deprecated:  htmlspecialchars(): Passing null to parameter #1 ($string) of type string is deprecated in C:\Users\Kriszta\Local Sites\proiectgt\app\public\demo\movie.php on line 82
[18-Oct-2024 21:06:10 UTC] PHP Warning:  Undefined array key "message" in C:\Users\Kriszta\Local Sites\proiectgt\app\public\demo\movie.php on line 84
[18-Oct-2024 21:06:10 UTC] PHP Deprecated:  htmlspecialchars(): Passing null to parameter #1 ($string) of type string is deprecated in C:\Users\Kriszta\Local Sites\proiectgt\app\public\demo\movie.php on line 84
[18-Oct-2024 21:06:32 UTC] PHP Warning:  Undefined variable $email in C:\Users\Kriszta\Local Sites\proiectgt\app\public\demo\movie.php on line 86
